[23:07:29] [main/INFO]: Loading Minecraft 1.16.5 with Fabric Loader 0.16.3
[23:07:30] [main/INFO]: Loading 4 mods:
	- fabricloader 0.16.3
	   \-- mixinextras 0.4.1
	- java 11
	- minecraft 1.16.5
[23:07:30] [main/INFO]: SpongePowered MIXIN Subsystem Version=0.8.7 Source=file:/workspaces/expert-potato/servidor_minecraft/libraries/net/fabricmc/sponge-mixin/0.15.2+mixin.0.8.7/sponge-mixin-0.15.2+mixin.0.8.7.jar Service=Knot/Fabric Env=SERVER
[23:07:34] [main/INFO]: Environment: authHost='https://authserver.mojang.com', accountsHost='https://api.mojang.com', sessionHost='https://sessionserver.mojang.com', servicesHost='https://api.minecraftservices.com', name='PROD'
[23:07:35] [main/WARN]: Ambiguity between arguments [teleport, destination] and [teleport, targets] with inputs: [Player, 0123, @e, dd12be42-52a9-4a91-a8a1-11c01849e498]
[23:07:35] [main/WARN]: Ambiguity between arguments [teleport, location] and [teleport, destination] with inputs: [0.1 -0.5 .9, 0 0 0]
[23:07:35] [main/WARN]: Ambiguity between arguments [teleport, location] and [teleport, targets] with inputs: [0.1 -0.5 .9, 0 0 0]
[23:07:35] [main/WARN]: Ambiguity between arguments [teleport, targets] and [teleport, destination] with inputs: [Player, 0123, dd12be42-52a9-4a91-a8a1-11c01849e498]
[23:07:35] [main/WARN]: Ambiguity between arguments [teleport, targets, location] and [teleport, targets, destination] with inputs: [0.1 -0.5 .9, 0 0 0]
[23:07:35] [main/INFO]: Reloading ResourceManager: Default
[23:07:36] [Worker-Main-4/INFO]: Loaded 7 recipes
[23:07:37] [Worker-Main-4/INFO]: Loaded 927 advancements
[23:07:38] [Server thread/INFO]: Starting minecraft server version 1.16.5
[23:07:38] [Server thread/INFO]: Loading properties
[23:07:38] [Server thread/INFO]: Default game type: SURVIVAL
[23:07:38] [Server thread/INFO]: Generating keypair
[23:07:39] [Server thread/INFO]: Starting Minecraft server on *:25565
[23:07:39] [Server thread/INFO]: Using epoll channel type
[23:07:39] [Server thread/WARN]: **** SERVER IS RUNNING IN OFFLINE/INSECURE MODE!
[23:07:39] [Server thread/WARN]: The server will make no attempt to authenticate usernames. Beware.
[23:07:39] [Server thread/WARN]: While this makes the game possible to play without internet access, it also opens up the ability for hackers to connect with any username they choose.
[23:07:39] [Server thread/WARN]: To change this, set "online-mode" to "true" in the server.properties file.
[23:07:39] [Server thread/INFO]: Preparing level "world"
[23:07:44] [Server thread/INFO]: Preparing start region for dimension minecraft:overworld
[23:07:44] [Worker-Main-4/INFO]: Preparing spawn area: 0%
[23:07:44] [Worker-Main-4/INFO]: Preparing spawn area: 0%
[23:07:45] [Worker-Main-6/INFO]: Preparing spawn area: 0%
[23:07:45] [Worker-Main-4/INFO]: Preparing spawn area: 0%
[23:07:46] [Worker-Main-4/INFO]: Preparing spawn area: 0%
[23:07:46] [Worker-Main-6/INFO]: Preparing spawn area: 2%
[23:07:47] [Worker-Main-6/INFO]: Preparing spawn area: 3%
[23:07:47] [Worker-Main-6/INFO]: Preparing spawn area: 3%
[23:07:48] [Worker-Main-5/INFO]: Preparing spawn area: 3%
[23:07:48] [Worker-Main-4/INFO]: Preparing spawn area: 5%
[23:07:49] [Worker-Main-4/INFO]: Preparing spawn area: 6%
[23:07:49] [Worker-Main-6/INFO]: Preparing spawn area: 7%
[23:07:50] [Worker-Main-4/INFO]: Preparing spawn area: 7%
[23:07:50] [Worker-Main-6/INFO]: Preparing spawn area: 7%
[23:07:51] [Worker-Main-5/INFO]: Preparing spawn area: 10%
[23:07:51] [Worker-Main-4/INFO]: Preparing spawn area: 10%
[23:07:52] [Worker-Main-5/INFO]: Preparing spawn area: 12%
[23:07:52] [Worker-Main-4/INFO]: Preparing spawn area: 15%
[23:07:54] [Worker-Main-5/INFO]: Preparing spawn area: 15%
[23:07:54] [Worker-Main-5/INFO]: Preparing spawn area: 15%
[23:07:54] [Worker-Main-5/INFO]: Preparing spawn area: 15%
[23:07:54] [Worker-Main-4/INFO]: Preparing spawn area: 23%
[23:07:55] [Worker-Main-4/INFO]: Preparing spawn area: 23%
[23:07:55] [Worker-Main-4/INFO]: Preparing spawn area: 23%
[23:07:56] [Worker-Main-6/INFO]: Preparing spawn area: 27%
[23:07:56] [Worker-Main-5/INFO]: Preparing spawn area: 29%
[23:07:57] [Worker-Main-5/INFO]: Preparing spawn area: 29%
[23:07:57] [Worker-Main-4/INFO]: Preparing spawn area: 29%
[23:07:58] [Worker-Main-4/INFO]: Preparing spawn area: 35%
[23:07:58] [Worker-Main-5/INFO]: Preparing spawn area: 39%
[23:07:59] [Worker-Main-5/INFO]: Preparing spawn area: 40%
[23:07:59] [Worker-Main-4/INFO]: Preparing spawn area: 44%
[23:08:00] [Worker-Main-5/INFO]: Preparing spawn area: 46%
[23:08:00] [Worker-Main-5/INFO]: Preparing spawn area: 46%
[23:08:01] [Worker-Main-5/INFO]: Preparing spawn area: 46%
[23:08:01] [Worker-Main-5/INFO]: Preparing spawn area: 46%
[23:08:02] [Worker-Main-6/INFO]: Preparing spawn area: 55%
[23:08:02] [Worker-Main-4/INFO]: Preparing spawn area: 56%
[23:08:03] [Worker-Main-4/INFO]: Preparing spawn area: 58%
[23:08:04] [Worker-Main-5/INFO]: Preparing spawn area: 60%
[23:08:05] [Worker-Main-6/INFO]: Preparing spawn area: 65%
[23:08:05] [Worker-Main-6/INFO]: Preparing spawn area: 65%
[23:08:05] [Worker-Main-6/INFO]: Preparing spawn area: 67%
[23:08:06] [Worker-Main-5/INFO]: Preparing spawn area: 69%
[23:08:06] [Worker-Main-5/INFO]: Preparing spawn area: 73%
[23:08:07] [Worker-Main-4/INFO]: Preparing spawn area: 76%
[23:08:07] [Worker-Main-4/INFO]: Preparing spawn area: 76%
[23:08:08] [Worker-Main-4/INFO]: Preparing spawn area: 82%
[23:08:08] [Worker-Main-4/INFO]: Preparing spawn area: 86%
[23:08:08] [Worker-Main-5/INFO]: Preparing spawn area: 88%
[23:08:09] [Worker-Main-6/INFO]: Preparing spawn area: 89%
[23:08:09] [Worker-Main-5/INFO]: Preparing spawn area: 96%
[23:08:10] [Worker-Main-5/INFO]: Preparing spawn area: 97%
[23:08:10] [Server thread/INFO]: Time elapsed: 26219 ms
[23:08:10] [Server thread/INFO]: Done (30.936s)! For help, type "help"
[23:08:11] [Server thread/INFO]: Unknown or incomplete command, see below for error
[23:08:11] [Server thread/INFO]: /home/codespace/.python/current/bin/python /workspaces/expert-potato/msx.py<--[HERE]
[23:11:36] [Server thread/INFO]: Stopping the server
[23:11:36] [Server thread/INFO]: Stopping server
[23:11:36] [Server thread/INFO]: Saving players
[23:11:36] [Server thread/INFO]: Saving worlds
[23:11:36] [Server thread/INFO]: Saving chunks for level 'ServerLevel[world]'/minecraft:overworld
[23:11:38] [Server thread/INFO]: ThreadedAnvilChunkStorage (world): All chunks are saved
[23:11:38] [Server thread/INFO]: Saving chunks for level 'ServerLevel[world]'/minecraft:the_nether
[23:11:38] [Server thread/INFO]: ThreadedAnvilChunkStorage (DIM-1): All chunks are saved
[23:11:38] [Server thread/INFO]: Saving chunks for level 'ServerLevel[world]'/minecraft:the_end
[23:11:38] [Server thread/INFO]: ThreadedAnvilChunkStorage (DIM1): All chunks are saved
[23:11:38] [Server thread/INFO]: ThreadedAnvilChunkStorage (world): All chunks are saved
[23:11:38] [Server thread/INFO]: ThreadedAnvilChunkStorage (DIM-1): All chunks are saved
[23:11:38] [Server thread/INFO]: ThreadedAnvilChunkStorage (DIM1): All chunks are saved
